H:\SOURCE\OS\OS5\OS5\DEBUG\BLOCKCACHE.OBJ
H:\SOURCE\OS\OS5\OS5\DEBUG\BLOCKTASK.OBJ
H:\SOURCE\OS\OS5\OS5\DEBUG\CACHE.OBJ
H:\SOURCE\OS\OS5\OS5\DEBUG\FIFTEENFIELDS.OBJ
H:\SOURCE\OS\OS5\OS5\DEBUG\OBJECTSTORAGE.OBJ
H:\SOURCE\OS\OS5\OS5\DEBUG\FS.OBJ
H:\SOURCE\OS\OS5\OS5\DEBUG\HDD.OBJ
H:\SOURCE\OS\OS5\OS5\DEBUG\LOCATIONINFO.OBJ
H:\SOURCE\OS\OS5\OS5\DEBUG\MAIN.OBJ
H:\SOURCE\OS\OS5\OS5\DEBUG\OPENEDFILE.OBJ
H:\SOURCE\OS\OS5\OS5\DEBUG\TRANSACTIONCACHE.OBJ
H:\SOURCE\OS\OS5\OS5\DEBUG\TRANSACTION_BASE.OBJ
H:\SOURCE\OS\OS5\OS5\DEBUG\TRANSACTION_INFO.OBJ
H:\SOURCE\OS\OS5\OS5\DEBUG\VC110.PDB
C:\USERS\LIBERTYPAUL\DOCUMENTS\VISUAL STUDIO 2010\PROJECTS\OS5\OS5\DEBUG\BLOCKCACHE.OBJ
C:\USERS\LIBERTYPAUL\DOCUMENTS\VISUAL STUDIO 2010\PROJECTS\OS5\OS5\DEBUG\BLOCKTASK.OBJ
C:\USERS\LIBERTYPAUL\DOCUMENTS\VISUAL STUDIO 2010\PROJECTS\OS5\OS5\DEBUG\CACHE.OBJ
C:\USERS\LIBERTYPAUL\DOCUMENTS\VISUAL STUDIO 2010\PROJECTS\OS5\OS5\DEBUG\FIFTEENFIELDS.OBJ
C:\USERS\LIBERTYPAUL\DOCUMENTS\VISUAL STUDIO 2010\PROJECTS\OS5\OS5\DEBUG\OBJECTSTORAGE.OBJ
C:\USERS\LIBERTYPAUL\DOCUMENTS\VISUAL STUDIO 2010\PROJECTS\OS5\OS5\DEBUG\FS.OBJ
C:\USERS\LIBERTYPAUL\DOCUMENTS\VISUAL STUDIO 2010\PROJECTS\OS5\OS5\DEBUG\HDD.OBJ
C:\USERS\LIBERTYPAUL\DOCUMENTS\VISUAL STUDIO 2010\PROJECTS\OS5\OS5\DEBUG\LOCATIONINFO.OBJ
C:\USERS\LIBERTYPAUL\DOCUMENTS\VISUAL STUDIO 2010\PROJECTS\OS5\OS5\DEBUG\MAIN.OBJ
C:\USERS\LIBERTYPAUL\DOCUMENTS\VISUAL STUDIO 2010\PROJECTS\OS5\OS5\DEBUG\OPENEDFILE.OBJ
C:\USERS\LIBERTYPAUL\DOCUMENTS\VISUAL STUDIO 2010\PROJECTS\OS5\OS5\DEBUG\TRANSACTIONCACHE.OBJ
C:\USERS\LIBERTYPAUL\DOCUMENTS\VISUAL STUDIO 2010\PROJECTS\OS5\OS5\DEBUG\TRANSACTION_BASE.OBJ
C:\USERS\LIBERTYPAUL\DOCUMENTS\VISUAL STUDIO 2010\PROJECTS\OS5\OS5\DEBUG\TRANSACTION_INFO.OBJ
C:\USERS\LIBERTYPAUL\DOCUMENTS\VISUAL STUDIO 2010\PROJECTS\OS5\OS5\DEBUG\VC110.PDB
H:\SOURCE\OS\OS5\DEBUG\OS5.ILK
H:\SOURCE\OS\OS5\DEBUG\OS5.EXE
H:\SOURCE\OS\OS5\DEBUG\OS5.PDB
C:\USERS\LIBERTYPAUL\DOCUMENTS\VISUAL STUDIO 2010\PROJECTS\OS5\DEBUG\OS5.ILK
C:\USERS\LIBERTYPAUL\DOCUMENTS\VISUAL STUDIO 2010\PROJECTS\OS5\DEBUG\OS5.EXE
C:\USERS\LIBERTYPAUL\DOCUMENTS\VISUAL STUDIO 2010\PROJECTS\OS5\DEBUG\OS5.PDB
C:\Users\LibertyPaul\Documents\Visual Studio 2010\Projects\OS5\OS5\Debug\BlockCache.obj
C:\Users\LibertyPaul\Documents\Visual Studio 2010\Projects\OS5\OS5\Debug\BlockTask.obj
C:\Users\LibertyPaul\Documents\Visual Studio 2010\Projects\OS5\OS5\Debug\Cache.obj
C:\Users\LibertyPaul\Documents\Visual Studio 2010\Projects\OS5\OS5\Debug\FifteenFields.obj
C:\Users\LibertyPaul\Documents\Visual Studio 2010\Projects\OS5\OS5\Debug\FS.obj
C:\Users\LibertyPaul\Documents\Visual Studio 2010\Projects\OS5\OS5\Debug\HDD.obj
C:\Users\LibertyPaul\Documents\Visual Studio 2010\Projects\OS5\OS5\Debug\LocationInfo.obj
C:\Users\LibertyPaul\Documents\Visual Studio 2010\Projects\OS5\OS5\Debug\main.obj
C:\Users\LibertyPaul\Documents\Visual Studio 2010\Projects\OS5\OS5\Debug\ObjectStorage.obj
C:\Users\LibertyPaul\Documents\Visual Studio 2010\Projects\OS5\OS5\Debug\OpenedFile.obj
C:\Users\LibertyPaul\Documents\Visual Studio 2010\Projects\OS5\OS5\Debug\TransactionCache.obj
C:\Users\LibertyPaul\Documents\Visual Studio 2010\Projects\OS5\OS5\Debug\Transaction_base.obj
C:\Users\LibertyPaul\Documents\Visual Studio 2010\Projects\OS5\OS5\Debug\Transaction_info.obj
C:\Users\LibertyPaul\Documents\Visual Studio 2010\Projects\OS5\OS5\Debug\cl.command.1.tlog
C:\Users\LibertyPaul\Documents\Visual Studio 2010\Projects\OS5\OS5\Debug\CL.read.1.tlog
C:\Users\LibertyPaul\Documents\Visual Studio 2010\Projects\OS5\OS5\Debug\CL.write.1.tlog
C:\Users\LibertyPaul\Documents\Visual Studio 2010\Projects\OS5\OS5\Debug\link-cvtres.read.1.tlog
C:\Users\LibertyPaul\Documents\Visual Studio 2010\Projects\OS5\OS5\Debug\link-cvtres.write.1.tlog
C:\Users\LibertyPaul\Documents\Visual Studio 2010\Projects\OS5\OS5\Debug\link-rc.read.1.tlog
C:\Users\LibertyPaul\Documents\Visual Studio 2010\Projects\OS5\OS5\Debug\link-rc.write.1.tlog
C:\Users\LibertyPaul\Documents\Visual Studio 2010\Projects\OS5\OS5\Debug\link.1672-cvtres.read.1.tlog
C:\Users\LibertyPaul\Documents\Visual Studio 2010\Projects\OS5\OS5\Debug\link.1672-cvtres.write.1.tlog
C:\Users\LibertyPaul\Documents\Visual Studio 2010\Projects\OS5\OS5\Debug\link.1672-rc.read.1.tlog
C:\Users\LibertyPaul\Documents\Visual Studio 2010\Projects\OS5\OS5\Debug\link.1672-rc.write.1.tlog
C:\Users\LibertyPaul\Documents\Visual Studio 2010\Projects\OS5\OS5\Debug\link.1672.read.1.tlog
C:\Users\LibertyPaul\Documents\Visual Studio 2010\Projects\OS5\OS5\Debug\link.1672.write.1.tlog
C:\Users\LibertyPaul\Documents\Visual Studio 2010\Projects\OS5\OS5\Debug\link.3616-cvtres.read.1.tlog
C:\Users\LibertyPaul\Documents\Visual Studio 2010\Projects\OS5\OS5\Debug\link.3616-cvtres.write.1.tlog
C:\Users\LibertyPaul\Documents\Visual Studio 2010\Projects\OS5\OS5\Debug\link.3616-rc.read.1.tlog
C:\Users\LibertyPaul\Documents\Visual Studio 2010\Projects\OS5\OS5\Debug\link.3616-rc.write.1.tlog
C:\Users\LibertyPaul\Documents\Visual Studio 2010\Projects\OS5\OS5\Debug\link.3616.read.1.tlog
C:\Users\LibertyPaul\Documents\Visual Studio 2010\Projects\OS5\OS5\Debug\link.3616.write.1.tlog
C:\Users\LibertyPaul\Documents\Visual Studio 2010\Projects\OS5\OS5\Debug\link.4060-cvtres.read.1.tlog
C:\Users\LibertyPaul\Documents\Visual Studio 2010\Projects\OS5\OS5\Debug\link.4060-cvtres.write.1.tlog
C:\Users\LibertyPaul\Documents\Visual Studio 2010\Projects\OS5\OS5\Debug\link.4060-rc.read.1.tlog
C:\Users\LibertyPaul\Documents\Visual Studio 2010\Projects\OS5\OS5\Debug\link.4060-rc.write.1.tlog
C:\Users\LibertyPaul\Documents\Visual Studio 2010\Projects\OS5\OS5\Debug\link.4060.read.1.tlog
C:\Users\LibertyPaul\Documents\Visual Studio 2010\Projects\OS5\OS5\Debug\link.4060.write.1.tlog
C:\Users\LibertyPaul\Documents\Visual Studio 2010\Projects\OS5\OS5\Debug\link.6684-cvtres.read.1.tlog
C:\Users\LibertyPaul\Documents\Visual Studio 2010\Projects\OS5\OS5\Debug\link.6684-cvtres.write.1.tlog
C:\Users\LibertyPaul\Documents\Visual Studio 2010\Projects\OS5\OS5\Debug\link.6684-rc.read.1.tlog
C:\Users\LibertyPaul\Documents\Visual Studio 2010\Projects\OS5\OS5\Debug\link.6684-rc.write.1.tlog
C:\Users\LibertyPaul\Documents\Visual Studio 2010\Projects\OS5\OS5\Debug\link.6684.read.1.tlog
C:\Users\LibertyPaul\Documents\Visual Studio 2010\Projects\OS5\OS5\Debug\link.6684.write.1.tlog
C:\Users\LibertyPaul\Documents\Visual Studio 2010\Projects\OS5\OS5\Debug\link.command.1.tlog
C:\Users\LibertyPaul\Documents\Visual Studio 2010\Projects\OS5\OS5\Debug\link.read.1.tlog
C:\Users\LibertyPaul\Documents\Visual Studio 2010\Projects\OS5\OS5\Debug\link.write.1.tlog
C:\Users\LibertyPaul\Documents\Visual Studio 2010\Projects\OS5\OS5\Debug\vc110.idb
C:\Users\LibertyPaul\Documents\Visual Studio 2010\Projects\OS5\OS5\Debug\vc110.pdb
C:\Users\LibertyPaul\Documents\Visual Studio 2010\Projects\OS5\Debug\OS5.pdb
C:\Users\LibertyPaul\Documents\Visual Studio 2010\Projects\OS5\Debug\OS5.exe
C:\Users\LibertyPaul\Documents\Visual Studio 2010\Projects\OS5\Debug\OS5.ilk
