H:\SOURCE\OS\OS5\OS5\RELEASE\MAIN.OBJ
H:\SOURCE\OS\OS5\OS5\RELEASE\VC110.PDB
H:\SOURCE\OS\OS5\OS5\RELEASE\FS.OBJ
H:\SOURCE\OS\OS5\RELEASE\OS5.EXE
H:\SOURCE\OS\OS5\RELEASE\OS5.PDB
H:\SOURCE\OS\OS5\OS5\RELEASE\OS5.EXE.INTERMEDIATE.MANIFEST
E:\Source\OS\OS5\OS5\Release\FS.obj
E:\Source\OS\OS5\OS5\Release\main.obj
E:\Source\OS\OS5\OS5\Release\cl.command.1.tlog
E:\Source\OS\OS5\OS5\Release\CL.read.1.tlog
E:\Source\OS\OS5\OS5\Release\CL.write.1.tlog
E:\Source\OS\OS5\OS5\Release\icl-mcpcom.read.1.tlog
E:\Source\OS\OS5\OS5\Release\icl-mcpcom.write.1.tlog
E:\Source\OS\OS5\OS5\Release\icl.command.1.tlog
E:\Source\OS\OS5\OS5\Release\icl.read.1.tlog
E:\Source\OS\OS5\OS5\Release\icl.write.1.tlog
E:\Source\OS\OS5\OS5\Release\link-cvtres.read.1.tlog
E:\Source\OS\OS5\OS5\Release\link-cvtres.write.1.tlog
E:\Source\OS\OS5\OS5\Release\link-rc.read.1.tlog
E:\Source\OS\OS5\OS5\Release\link-rc.write.1.tlog
E:\Source\OS\OS5\OS5\Release\link.command.1.tlog
E:\Source\OS\OS5\OS5\Release\link.read.1.tlog
E:\Source\OS\OS5\OS5\Release\link.write.1.tlog
E:\Source\OS\OS5\OS5\Release\xilink-link.read.1.tlog
E:\Source\OS\OS5\OS5\Release\xilink-link.write.1.tlog
E:\Source\OS\OS5\OS5\Release\xilink-mcpcom.read.1.tlog
E:\Source\OS\OS5\OS5\Release\xilink-mcpcom.write.1.tlog
E:\Source\OS\OS5\OS5\Release\xilink.command.1.tlog
E:\Source\OS\OS5\OS5\Release\xilink.read.1.tlog
E:\Source\OS\OS5\OS5\Release\xilink.write.1.tlog
E:\Source\OS\OS5\OS5\Release\OS5.exe.intermediate.manifest
E:\Source\OS\OS5\OS5\Release\vc110.pdb
E:\Source\OS\OS5\Release\OS5.pdb
E:\Source\OS\OS5\Release\OS5.exe
